Determining if the pthread_create exist failed with the following output:
Change Dir: /home/kgreen/catkin_ws/build/CMakeFiles/CMakeTmp

Run Build Command:"/usr/bin/make" "cmTryCompileExec997742251/fast"
/usr/bin/make -f CMakeFiles/cmTryCompileExec997742251.dir/build.make CMakeFiles/cmTryCompileExec997742251.dir/build
make[1]: Entering directory '/home/kgreen/catkin_ws/build/CMakeFiles/CMakeTmp'
/usr/bin/cmake -E cmake_progress_report /home/kgreen/catkin_ws/build/CMakeFiles/CMakeTmp/CMakeFiles 1
Building C object CMakeFiles/cmTryCompileExec997742251.dir/CheckSymbolExists.c.o
/usr/bin/cc    -o CMakeFiles/cmTryCompileExec997742251.dir/CheckSymbolExists.c.o   -c /home/kgreen/catkin_ws/build/CMakeFiles/CMakeTmp/CheckSymbolExists.c
Linking C executable cmTryCompileExec997742251
/usr/bin/cmake -E cmake_link_script CMakeFiles/cmTryCompileExec997742251.dir/link.txt --verbose=1
/usr/bin/cc       CMakeFiles/cmTryCompileExec997742251.dir/CheckSymbolExists.c.o  -o cmTryCompileExec997742251 -rdynamic 
CMakeFiles/cmTryCompileExec997742251.dir/CheckSymbolExists.c.o: In function `main':
CheckSymbolExists.c:(.text+0x16): undefined reference to `pthread_create'
collect2: error: ld returned 1 exit status
CMakeFiles/cmTryCompileExec997742251.dir/build.make:88: recipe for target 'cmTryCompileExec997742251' failed
make[1]: *** [cmTryCompileExec997742251] Error 1
make[1]: Leaving directory '/home/kgreen/catkin_ws/build/CMakeFiles/CMakeTmp'
Makefile:118: recipe for target 'cmTryCompileExec997742251/fast' failed
make: *** [cmTryCompileExec997742251/fast] Error 2

File /home/kgreen/catkin_ws/build/CMakeFiles/CMakeTmp/CheckSymbolExists.c:
/* */
#include <pthread.h>

int main(int argc, char** argv)
{
  (void)argv;
#ifndef pthread_create
  return ((int*)(&pthread_create))[argc];
#else
  (void)argc;
  return 0;
#endif
}

Determining if the function pthread_create exists in the pthreads failed with the following output:
Change Dir: /home/kgreen/catkin_ws/build/CMakeFiles/CMakeTmp

Run Build Command:"/usr/bin/make" "cmTryCompileExec3036820335/fast"
/usr/bin/make -f CMakeFiles/cmTryCompileExec3036820335.dir/build.make CMakeFiles/cmTryCompileExec3036820335.dir/build
make[1]: Entering directory '/home/kgreen/catkin_ws/build/CMakeFiles/CMakeTmp'
/usr/bin/cmake -E cmake_progress_report /home/kgreen/catkin_ws/build/CMakeFiles/CMakeTmp/CMakeFiles 1
Building C object CMakeFiles/cmTryCompileExec3036820335.dir/CheckFunctionExists.c.o
/usr/bin/cc   -DCHECK_FUNCTION_EXISTS=pthread_create   -o CMakeFiles/cmTryCompileExec3036820335.dir/CheckFunctionExists.c.o   -c /usr/share/cmake-3.0/Modules/CheckFunctionExists.c
Linking C executable cmTryCompileExec3036820335
/usr/bin/cmake -E cmake_link_script CMakeFiles/cmTryCompileExec3036820335.dir/link.txt --verbose=1
/usr/bin/cc   -DCHECK_FUNCTION_EXISTS=pthread_create    CMakeFiles/cmTryCompileExec3036820335.dir/CheckFunctionExists.c.o  -o cmTryCompileExec3036820335 -rdynamic -lpthreads 
/usr/bin/ld: cannot find -lpthreads
collect2: error: ld returned 1 exit status
CMakeFiles/cmTryCompileExec3036820335.dir/build.make:88: recipe for target 'cmTryCompileExec3036820335' failed
make[1]: *** [cmTryCompileExec3036820335] Error 1
make[1]: Leaving directory '/home/kgreen/catkin_ws/build/CMakeFiles/CMakeTmp'
Makefile:118: recipe for target 'cmTryCompileExec3036820335/fast' failed
make: *** [cmTryCompileExec3036820335/fast] Error 2


